<?xml version="1.0" encoding="UTF-8"?>
<testng-results ignored="0" total="1" passed="1" failed="0" skipped="0">
  <reporter-output>
  </reporter-output>
  <suite started-at="2020-06-14T21:41:26 IST" name="Default suite" finished-at="2020-06-14T21:41:38 IST" duration-ms="11822">
    <groups>
    </groups>
    <test started-at="2020-06-14T21:41:26 IST" name="Default test" finished-at="2020-06-14T21:41:38 IST" duration-ms="11822">
      <class name="com.qa.happyfox.test.HelpDeskPageTest">
        <test-method is-config="true" signature="setup()[pri:0, instance:com.qa.happyfox.test.HelpDeskPageTest@4278a03f]" started-at="2020-06-14T21:41:26 IST" name="setup" finished-at="2020-06-14T21:41:37 IST" duration-ms="11011" status="PASS">
          <reporter-output>
          </reporter-output>
        </test-method> <!-- setup -->
        <test-method signature="pagetitleverification()[pri:1, instance:com.qa.happyfox.test.HelpDeskPageTest@4278a03f]" started-at="2020-06-14T21:41:37 IST" name="pagetitleverification" finished-at="2020-06-14T21:41:37 IST" duration-ms="28" status="PASS">
          <reporter-output>
          </reporter-output>
        </test-method> <!-- pagetitleverification -->
        <test-method is-config="true" signature="tearDown()[pri:0, instance:com.qa.happyfox.test.HelpDeskPageTest@4278a03f]" started-at="2020-06-14T21:41:37 IST" name="tearDown" finished-at="2020-06-14T21:41:38 IST" duration-ms="711" status="PASS">
          <reporter-output>
          </reporter-output>
        </test-method> <!-- tearDown -->
      </class> <!-- com.qa.happyfox.test.HelpDeskPageTest -->
    </test> <!-- Default test -->
  </suite> <!-- Default suite -->
</testng-results>
